0 info it worked if it ends with ok
1 verbose cli [ 'node', '/usr/local/bin/npm', 'run', 'serve' ]
2 info using npm@2.1.10
3 info using node@v0.10.33
4 verbose node symlink /usr/local/bin/node
5 verbose run-script [ 'preserve', 'serve', 'postserve' ]
6 info preserve trained-to-thrill@
7 info serve trained-to-thrill@
8 verbose unsafe-perm in lifecycle true
9 info trained-to-thrill@ Failed to exec serve script
10 verbose stack Error: trained-to-thrill@ serve: `gulp serve`
10 verbose stack Exit status 8
10 verbose stack     at EventEmitter.<anonymous> (/usr/local/lib/node_modules/npm/lib/utils/lifecycle.js:212:16)
10 verbose stack     at EventEmitter.emit (events.js:98:17)
10 verbose stack     at ChildProcess.<anonymous> (/usr/local/lib/node_modules/npm/lib/utils/spawn.js:14:12)
10 verbose stack     at ChildProcess.emit (events.js:98:17)
10 verbose stack     at maybeClose (child_process.js:756:16)
10 verbose stack     at Process.ChildProcess._handle.onexit (child_process.js:823:5)
11 verbose pkgid trained-to-thrill@
12 verbose cwd /Users/corbettk/Google Drive/Workplace/trained-to-thrill
13 error Darwin 13.4.0
14 error argv "node" "/usr/local/bin/npm" "run" "serve"
15 error node v0.10.33
16 error npm  v2.1.10
17 error code ELIFECYCLE
18 error trained-to-thrill@ serve: `gulp serve`
18 error Exit status 8
19 error Failed at the trained-to-thrill@ serve script 'gulp serve'.
19 error This is most likely a problem with the trained-to-thrill package,
19 error not with npm itself.
19 error Tell the author that this fails on your system:
19 error     gulp serve
19 error You can get their info via:
19 error     npm owner ls trained-to-thrill
19 error There is likely additional logging output above.
20 verbose exit [ 1, true ]
